cl : 命令行  warning D9035: “Gm”选项已否决，并将在将来的版本中移除
  StdAfx.cpp
D:\MyCode\duilib\DuiLib\Core\UIManager.h(45,2): warning C4091: “typedef ”: 没有声明变量时忽略“DuiLib::EVENTTYPE_UI”的左侧
  (编译源文件“StdAfx.cpp”)
  
cl : 命令行  warning D9035: “Gm”选项已否决，并将在将来的版本中移除
  GameDemo.cpp
D:\MyCode\duilib\GameDemo\ControlEx.h(393,44): warning C4302: “类型强制转换”: 从“LPSTR”到“WORD”截断
  (编译源文件“/GameDemo.cpp”)
  
D:\MyCode\duilib\GameDemo\ControlEx.h(401,48): warning C4302: “类型强制转换”: 从“LPSTR”到“WORD”截断
  (编译源文件“/GameDemo.cpp”)
  
cl : 命令行  warning D9035: “Gm”选项已否决，并将在将来的版本中移除
  MiniDumper.cpp
D:\MyCode\duilib\GameDemo\MiniDumper.cpp(101,18): warning C4477: “sprintf”: 格式字符串“%ld”需要类型“long”的参数，但可变参数 3 拥有了类型“time_t”
  D:\MyCode\duilib\GameDemo\MiniDumper.cpp(101,18):
  请考虑在格式字符串中使用“%lld”
  D:\MyCode\duilib\GameDemo\MiniDumper.cpp(101,18):
  请考虑在格式字符串中使用“%I64d”
  
D:\MyCode\duilib\GameDemo\MiniDumper.cpp(100,5): warning C4996: 'sprintf': This function or variable may be unsafe. Consider using sprintf_s instead. To disable deprecation, use _CRT_SECURE_NO_WARNINGS. See online help for details.
D:\MyCode\duilib\GameDemo\MiniDumper.cpp(229,4): warning C4996: 'sprintf': This function or variable may be unsafe. Consider using sprintf_s instead. To disable deprecation, use _CRT_SECURE_NO_WARNINGS. See online help for details.
D:\MyCode\duilib\GameDemo\MiniDumper.cpp(281,6): warning C4996: 'sprintf': This function or variable may be unsafe. Consider using sprintf_s instead. To disable deprecation, use _CRT_SECURE_NO_WARNINGS. See online help for details.
D:\MyCode\duilib\GameDemo\MiniDumper.cpp(293,5): warning C4996: 'sprintf': This function or variable may be unsafe. Consider using sprintf_s instead. To disable deprecation, use _CRT_SECURE_NO_WARNINGS. See online help for details.
C:\Program Files\Microsoft Visual Studio\2022\Enterprise\MSBuild\Microsoft\VC\v170\Microsoft.CppBuild.targets(1392,5): warning MSB8012: TargetPath(D:\MyCode\duilib\bin\GameDemo.exe) 与 Linker 的 OutputFile 属性值(D:\MyCode\duilib\bin\GameDemo_d.exe)不匹配。这可能导致项目生成不正确。若要更正此问题，请确保 $(OutDir)、$(TargetName) 和 $(TargetExt) 属性值与 %(Link.OutputFile) 中指定的值匹配。
C:\Program Files\Microsoft Visual Studio\2022\Enterprise\MSBuild\Microsoft\VC\v170\Microsoft.CppBuild.targets(1394,5): warning MSB8012: TargetName(GameDemo) 与 Linker 的 OutputFile 属性值(GameDemo_d)不匹配。这可能导致项目生成不正确。若要更正此问题，请确保 $(OutDir)、$(TargetName) 和 $(TargetExt) 属性值与 %(Link.OutputFile) 中指定的值匹配。
  GameDemo.vcxproj -> D:\MyCode\duilib\bin\GameDemo.exe
